Error: Random login failure
    at C:\System_Programming_Example\server.js:18:19
    at Layer.handleRequest (C:\System_Programming_Example\node_modules\router\lib\layer.js:152:17)
    at next (C:\System_Programming_Example\node_modules\router\lib\route.js:157:13)
    at Route.dispatch (C:\System_Programming_Example\node_modules\router\lib\route.js:117:3)
    at handle (C:\System_Programming_Example\node_modules\router\index.js:435:11)
    at Layer.handleRequest (C:\System_Programming_Example\node_modules\router\lib\layer.js:152:17)
    at C:\System_Programming_Example\node_modules\router\index.js:295:15
    at processParams (C:\System_Programming_Example\node_modules\router\index.js:582:12)
    at next (C:\System_Programming_Example\node_modules\router\index.js:291:5)
    at Function.handle (C:\System_Programming_Example\node_modules\router\index.js:186:3)

Error: Random login failure
    at C:\System_Programming_Example\server.js:18:19
    at Layer.handleRequest (C:\System_Programming_Example\node_modules\router\lib\layer.js:152:17)
    at next (C:\System_Programming_Example\node_modules\router\lib\route.js:157:13)
    at Route.dispatch (C:\System_Programming_Example\node_modules\router\lib\route.js:117:3)
    at handle (C:\System_Programming_Example\node_modules\router\index.js:435:11)
    at Layer.handleRequest (C:\System_Programming_Example\node_modules\router\lib\layer.js:152:17)
    at C:\System_Programming_Example\node_modules\router\index.js:295:15
    at processParams (C:\System_Programming_Example\node_modules\router\index.js:582:12)
    at next (C:\System_Programming_Example\node_modules\router\index.js:291:5)
    at Function.handle (C:\System_Programming_Example\node_modules\router\index.js:186:3)

Error: Random login failure
    at C:\System_Programming_Example\server.js:18:19
    at Layer.handleRequest (C:\System_Programming_Example\node_modules\router\lib\layer.js:152:17)
    at next (C:\System_Programming_Example\node_modules\router\lib\route.js:157:13)
    at Route.dispatch (C:\System_Programming_Example\node_modules\router\lib\route.js:117:3)
    at handle (C:\System_Programming_Example\node_modules\router\index.js:435:11)
    at Layer.handleRequest (C:\System_Programming_Example\node_modules\router\lib\layer.js:152:17)
    at C:\System_Programming_Example\node_modules\router\index.js:295:15
    at processParams (C:\System_Programming_Example\node_modules\router\index.js:582:12)
    at next (C:\System_Programming_Example\node_modules\router\index.js:291:5)
    at Function.handle (C:\System_Programming_Example\node_modules\router\index.js:186:3)

Error: Random login failure
    at C:\System_Programming_Example\server.js:18:19
    at Layer.handleRequest (C:\System_Programming_Example\node_modules\router\lib\layer.js:152:17)
    at next (C:\System_Programming_Example\node_modules\router\lib\route.js:157:13)
    at Route.dispatch (C:\System_Programming_Example\node_modules\router\lib\route.js:117:3)
    at handle (C:\System_Programming_Example\node_modules\router\index.js:435:11)
    at Layer.handleRequest (C:\System_Programming_Example\node_modules\router\lib\layer.js:152:17)
    at C:\System_Programming_Example\node_modules\router\index.js:295:15
    at processParams (C:\System_Programming_Example\node_modules\router\index.js:582:12)
    at next (C:\System_Programming_Example\node_modules\router\index.js:291:5)
    at Function.handle (C:\System_Programming_Example\node_modules\router\index.js:186:3)

Error: Random login failure
    at C:\System_Programming_Example\server.js:18:19
    at Layer.handleRequest (C:\System_Programming_Example\node_modules\router\lib\layer.js:152:17)
    at next (C:\System_Programming_Example\node_modules\router\lib\route.js:157:13)
    at Route.dispatch (C:\System_Programming_Example\node_modules\router\lib\route.js:117:3)
    at handle (C:\System_Programming_Example\node_modules\router\index.js:435:11)
    at Layer.handleRequest (C:\System_Programming_Example\node_modules\router\lib\layer.js:152:17)
    at C:\System_Programming_Example\node_modules\router\index.js:295:15
    at processParams (C:\System_Programming_Example\node_modules\router\index.js:582:12)
    at next (C:\System_Programming_Example\node_modules\router\index.js:291:5)
    at Function.handle (C:\System_Programming_Example\node_modules\router\index.js:186:3)

Error: Random login failure
    at C:\System_Programming_Example\server.js:18:19
    at Layer.handleRequest (C:\System_Programming_Example\node_modules\router\lib\layer.js:152:17)
    at next (C:\System_Programming_Example\node_modules\router\lib\route.js:157:13)
    at Route.dispatch (C:\System_Programming_Example\node_modules\router\lib\route.js:117:3)
    at handle (C:\System_Programming_Example\node_modules\router\index.js:435:11)
    at Layer.handleRequest (C:\System_Programming_Example\node_modules\router\lib\layer.js:152:17)
    at C:\System_Programming_Example\node_modules\router\index.js:295:15
    at processParams (C:\System_Programming_Example\node_modules\router\index.js:582:12)
    at next (C:\System_Programming_Example\node_modules\router\index.js:291:5)
    at Function.handle (C:\System_Programming_Example\node_modules\router\index.js:186:3)

Error: Random login failure
    at C:\System_Programming_Example\server.js:18:19
    at Layer.handleRequest (C:\System_Programming_Example\node_modules\router\lib\layer.js:152:17)
    at next (C:\System_Programming_Example\node_modules\router\lib\route.js:157:13)
    at Route.dispatch (C:\System_Programming_Example\node_modules\router\lib\route.js:117:3)
    at handle (C:\System_Programming_Example\node_modules\router\index.js:435:11)
    at Layer.handleRequest (C:\System_Programming_Example\node_modules\router\lib\layer.js:152:17)
    at C:\System_Programming_Example\node_modules\router\index.js:295:15
    at processParams (C:\System_Programming_Example\node_modules\router\index.js:582:12)
    at next (C:\System_Programming_Example\node_modules\router\index.js:291:5)
    at Function.handle (C:\System_Programming_Example\node_modules\router\index.js:186:3)

Error: Random login failure
    at C:\System_Programming_Example\server.js:18:19
    at Layer.handleRequest (C:\System_Programming_Example\node_modules\router\lib\layer.js:152:17)
    at next (C:\System_Programming_Example\node_modules\router\lib\route.js:157:13)
    at Route.dispatch (C:\System_Programming_Example\node_modules\router\lib\route.js:117:3)
    at handle (C:\System_Programming_Example\node_modules\router\index.js:435:11)
    at Layer.handleRequest (C:\System_Programming_Example\node_modules\router\lib\layer.js:152:17)
    at C:\System_Programming_Example\node_modules\router\index.js:295:15
    at processParams (C:\System_Programming_Example\node_modules\router\index.js:582:12)
    at next (C:\System_Programming_Example\node_modules\router\index.js:291:5)
    at Function.handle (C:\System_Programming_Example\node_modules\router\index.js:186:3)

Error: Random login failure
    at C:\System_Programming_Example\server.js:18:19
    at Layer.handleRequest (C:\System_Programming_Example\node_modules\router\lib\layer.js:152:17)
    at next (C:\System_Programming_Example\node_modules\router\lib\route.js:157:13)
    at Route.dispatch (C:\System_Programming_Example\node_modules\router\lib\route.js:117:3)
    at handle (C:\System_Programming_Example\node_modules\router\index.js:435:11)
    at Layer.handleRequest (C:\System_Programming_Example\node_modules\router\lib\layer.js:152:17)
    at C:\System_Programming_Example\node_modules\router\index.js:295:15
    at processParams (C:\System_Programming_Example\node_modules\router\index.js:582:12)
    at next (C:\System_Programming_Example\node_modules\router\index.js:291:5)
    at Function.handle (C:\System_Programming_Example\node_modules\router\index.js:186:3)

Error: Random login failure
    at C:\System_Programming_Example\server.js:18:19
    at Layer.handleRequest (C:\System_Programming_Example\node_modules\router\lib\layer.js:152:17)
    at next (C:\System_Programming_Example\node_modules\router\lib\route.js:157:13)
    at Route.dispatch (C:\System_Programming_Example\node_modules\router\lib\route.js:117:3)
    at handle (C:\System_Programming_Example\node_modules\router\index.js:435:11)
    at Layer.handleRequest (C:\System_Programming_Example\node_modules\router\lib\layer.js:152:17)
    at C:\System_Programming_Example\node_modules\router\index.js:295:15
    at processParams (C:\System_Programming_Example\node_modules\router\index.js:582:12)
    at next (C:\System_Programming_Example\node_modules\router\index.js:291:5)
    at Function.handle (C:\System_Programming_Example\node_modules\router\index.js:186:3)

Error: Random login failure
    at C:\System_Programming_Example\server.js:18:19
    at Layer.handleRequest (C:\System_Programming_Example\node_modules\router\lib\layer.js:152:17)
    at next (C:\System_Programming_Example\node_modules\router\lib\route.js:157:13)
    at Route.dispatch (C:\System_Programming_Example\node_modules\router\lib\route.js:117:3)
    at handle (C:\System_Programming_Example\node_modules\router\index.js:435:11)
    at Layer.handleRequest (C:\System_Programming_Example\node_modules\router\lib\layer.js:152:17)
    at C:\System_Programming_Example\node_modules\router\index.js:295:15
    at processParams (C:\System_Programming_Example\node_modules\router\index.js:582:12)
    at next (C:\System_Programming_Example\node_modules\router\index.js:291:5)
    at Function.handle (C:\System_Programming_Example\node_modules\router\index.js:186:3)

Error: Random login failure
    at C:\System_Programming_Example\server.js:18:19
    at Layer.handleRequest (C:\System_Programming_Example\node_modules\router\lib\layer.js:152:17)
    at next (C:\System_Programming_Example\node_modules\router\lib\route.js:157:13)
    at Route.dispatch (C:\System_Programming_Example\node_modules\router\lib\route.js:117:3)
    at handle (C:\System_Programming_Example\node_modules\router\index.js:435:11)
    at Layer.handleRequest (C:\System_Programming_Example\node_modules\router\lib\layer.js:152:17)
    at C:\System_Programming_Example\node_modules\router\index.js:295:15
    at processParams (C:\System_Programming_Example\node_modules\router\index.js:582:12)
    at next (C:\System_Programming_Example\node_modules\router\index.js:291:5)
    at Function.handle (C:\System_Programming_Example\node_modules\router\index.js:186:3)

Error: Random login failure
    at C:\System_Programming_Example\server.js:18:19
    at Layer.handleRequest (C:\System_Programming_Example\node_modules\router\lib\layer.js:152:17)
    at next (C:\System_Programming_Example\node_modules\router\lib\route.js:157:13)
    at Route.dispatch (C:\System_Programming_Example\node_modules\router\lib\route.js:117:3)
    at handle (C:\System_Programming_Example\node_modules\router\index.js:435:11)
    at Layer.handleRequest (C:\System_Programming_Example\node_modules\router\lib\layer.js:152:17)
    at C:\System_Programming_Example\node_modules\router\index.js:295:15
    at processParams (C:\System_Programming_Example\node_modules\router\index.js:582:12)
    at next (C:\System_Programming_Example\node_modules\router\index.js:291:5)
    at Function.handle (C:\System_Programming_Example\node_modules\router\index.js:186:3)

Error: Random login failure
    at C:\System_Programming_Example\server.js:18:19
    at Layer.handleRequest (C:\System_Programming_Example\node_modules\router\lib\layer.js:152:17)
    at next (C:\System_Programming_Example\node_modules\router\lib\route.js:157:13)
    at Route.dispatch (C:\System_Programming_Example\node_modules\router\lib\route.js:117:3)
    at handle (C:\System_Programming_Example\node_modules\router\index.js:435:11)
    at Layer.handleRequest (C:\System_Programming_Example\node_modules\router\lib\layer.js:152:17)
    at C:\System_Programming_Example\node_modules\router\index.js:295:15
    at processParams (C:\System_Programming_Example\node_modules\router\index.js:582:12)
    at next (C:\System_Programming_Example\node_modules\router\index.js:291:5)
    at Function.handle (C:\System_Programming_Example\node_modules\router\index.js:186:3)

Error: Random login failure
    at C:\System_Programming_Example\server.js:18:19
    at Layer.handleRequest (C:\System_Programming_Example\node_modules\router\lib\layer.js:152:17)
    at next (C:\System_Programming_Example\node_modules\router\lib\route.js:157:13)
    at Route.dispatch (C:\System_Programming_Example\node_modules\router\lib\route.js:117:3)
    at handle (C:\System_Programming_Example\node_modules\router\index.js:435:11)
    at Layer.handleRequest (C:\System_Programming_Example\node_modules\router\lib\layer.js:152:17)
    at C:\System_Programming_Example\node_modules\router\index.js:295:15
    at processParams (C:\System_Programming_Example\node_modules\router\index.js:582:12)
    at next (C:\System_Programming_Example\node_modules\router\index.js:291:5)
    at Function.handle (C:\System_Programming_Example\node_modules\router\index.js:186:3)

Error: Random login failure
    at C:\System_Programming_Example\server.js:18:19
    at Layer.handleRequest (C:\System_Programming_Example\node_modules\router\lib\layer.js:152:17)
    at next (C:\System_Programming_Example\node_modules\router\lib\route.js:157:13)
    at Route.dispatch (C:\System_Programming_Example\node_modules\router\lib\route.js:117:3)
    at handle (C:\System_Programming_Example\node_modules\router\index.js:435:11)
    at Layer.handleRequest (C:\System_Programming_Example\node_modules\router\lib\layer.js:152:17)
    at C:\System_Programming_Example\node_modules\router\index.js:295:15
    at processParams (C:\System_Programming_Example\node_modules\router\index.js:582:12)
    at next (C:\System_Programming_Example\node_modules\router\index.js:291:5)
    at Function.handle (C:\System_Programming_Example\node_modules\router\index.js:186:3)

Error: Random login failure
    at C:\System_Programming_Example\server.js:18:19
    at Layer.handleRequest (C:\System_Programming_Example\node_modules\router\lib\layer.js:152:17)
    at next (C:\System_Programming_Example\node_modules\router\lib\route.js:157:13)
    at Route.dispatch (C:\System_Programming_Example\node_modules\router\lib\route.js:117:3)
    at handle (C:\System_Programming_Example\node_modules\router\index.js:435:11)
    at Layer.handleRequest (C:\System_Programming_Example\node_modules\router\lib\layer.js:152:17)
    at C:\System_Programming_Example\node_modules\router\index.js:295:15
    at processParams (C:\System_Programming_Example\node_modules\router\index.js:582:12)
    at next (C:\System_Programming_Example\node_modules\router\index.js:291:5)
    at Function.handle (C:\System_Programming_Example\node_modules\router\index.js:186:3)

